<?xml version="1.0" encoding="UTF-8"?>
<!-- Generated by org.testng.reporters.JUnitReportReporter -->
<testsuite hostname="DESKTOP-EUFDE7D" failures="0" tests="2" name="runners.TestRunner" time="9.940" errors="0" timestamp="2025-07-21T21:56:26 IST" skipped="0">
  <testcase classname="runners.TestRunner" name="runScenario" time="4.597"/>
  <testcase classname="runners.TestRunner" name="runScenario" time="5.343"/>
</testsuite> <!-- runners.TestRunner -->
